<?xml version="1.0" encoding="UTF-8"?>
<testng-results skipped="0" failed="0" total="1" passed="1">
  <reporter-output>
  </reporter-output>
  <suite name="Default suite" duration-ms="4282" started-at="2016-05-12T06:04:34Z" finished-at="2016-05-12T06:04:38Z">
    <groups>
    </groups>
    <test name="Default test" duration-ms="4282" started-at="2016-05-12T06:04:34Z" finished-at="2016-05-12T06:04:38Z">
      <class name="test.NewTest">
        <test-method status="PASS" signature="f()[pri:0, instance:test.NewTest@65794556]" name="f" duration-ms="4267" started-at="2016-05-12T11:34:34Z" finished-at="2016-05-12T11:34:38Z">
          <reporter-output>
          </reporter-output>
        </test-method> <!-- f -->
      </class> <!-- test.NewTest -->
    </test> <!-- Default test -->
  </suite> <!-- Default suite -->
</testng-results>
